Analysis & Synthesis report for 4823_asgn_p5
Mon Oct 12 14:46:32 2015
Quartus II Version 7.2 Build 151 09/26/2007 SJ Full Version


---------------------
; Table of Contents ;
---------------------
  1. Legal Notice
  2. Analysis & Synthesis Summary
  3. Analysis & Synthesis Settings
  4. Analysis & Synthesis Source Files Read
  5. Analysis & Synthesis Resource Usage Summary
  6. Analysis & Synthesis Resource Utilization by Entity
  7. General Register Statistics
  8. Analysis & Synthesis Messages



----------------
; Legal Notice ;
----------------
Copyright (C) 1991-2007 Altera Corporation
Your use of Altera Corporation's design tools, logic functions 
and other software and tools, and its AMPP partner logic 
functions, and any output files from any of the foregoing 
(including device programming or simulation files), and any 
associated documentation or information are expressly subject 
to the terms and conditions of the Altera Program License 
Subscription Agreement, Altera MegaCore Function License 
Agreement, or other applicable license agreement, including, 
without limitation, that your use is for the sole purpose of 
programming logic devices manufactured by Altera and sold by 
Altera or its authorized distributors.  Please refer to the 
applicable agreement for further details.



+-------------------------------------------------------------------------------+
; Analysis & Synthesis Summary                                                  ;
+------------------------------------+------------------------------------------+
; Analysis & Synthesis Status        ; Successful - Mon Oct 12 14:46:32 2015    ;
; Quartus II Version                 ; 7.2 Build 151 09/26/2007 SJ Full Version ;
; Revision Name                      ; 4823_asgn_p5                             ;
; Top-level Entity Name              ; dna_detector                             ;
; Family                             ; Cyclone II                               ;
; Total logic elements               ; 275                                      ;
;     Total combinational functions  ; 275                                      ;
;     Dedicated logic registers      ; 0                                        ;
; Total registers                    ; 0                                        ;
; Total pins                         ; 60                                       ;
; Total virtual pins                 ; 0                                        ;
; Total memory bits                  ; 0                                        ;
; Embedded Multiplier 9-bit elements ; 0                                        ;
; Total PLLs                         ; 0                                        ;
+------------------------------------+------------------------------------------+


+--------------------------------------------------------------------------------------------------------------------------+
; Analysis & Synthesis Settings                                                                                            ;
+--------------------------------------------------------------------------------+--------------------+--------------------+
; Option                                                                         ; Setting            ; Default Value      ;
+--------------------------------------------------------------------------------+--------------------+--------------------+
; Top-level entity name                                                          ; dna_detector       ; 4823_asgn_p5       ;
; Family name                                                                    ; Cyclone II         ; Cyclone IV GX      ;
; Use Generated Physical Constraints File                                        ; Off                ;                    ;
; Use smart compilation                                                          ; Off                ; Off                ;
; Maximum processors allowed for parallel compilation                            ; 1                  ; 1                  ;
; Restructure Multiplexers                                                       ; Auto               ; Auto               ;
; Create Debugging Nodes for IP Cores                                            ; Off                ; Off                ;
; Preserve fewer node names                                                      ; On                 ; On                 ;
; Disable OpenCore Plus hardware evaluation                                      ; Off                ; Off                ;
; Verilog Version                                                                ; Verilog_2001       ; Verilog_2001       ;
; VHDL Version                                                                   ; VHDL93             ; VHDL93             ;
; State Machine Processing                                                       ; Auto               ; Auto               ;
; Safe State Machine                                                             ; Off                ; Off                ;
; Extract Verilog State Machines                                                 ; On                 ; On                 ;
; Extract VHDL State Machines                                                    ; On                 ; On                 ;
; Ignore Verilog initial constructs                                              ; Off                ; Off                ;
; Add Pass-Through Logic to Inferred RAMs                                        ; On                 ; On                 ;
; Parallel Synthesis                                                             ; Off                ; Off                ;
; DSP Block Balancing                                                            ; Auto               ; Auto               ;
; NOT Gate Push-Back                                                             ; On                 ; On                 ;
; Power-Up Don't Care                                                            ; On                 ; On                 ;
; Remove Redundant Logic Cells                                                   ; Off                ; Off                ;
; Remove Duplicate Registers                                                     ; On                 ; On                 ;
; Ignore CARRY Buffers                                                           ; Off                ; Off                ;
; Ignore CASCADE Buffers                                                         ; Off                ; Off                ;
; Ignore GLOBAL Buffers                                                          ; Off                ; Off                ;
; Ignore ROW GLOBAL Buffers                                                      ; Off                ; Off                ;
; Ignore LCELL Buffers                                                           ; Off                ; Off                ;
; Ignore SOFT Buffers                                                            ; On                 ; On                 ;
; Limit AHDL Integers to 32 Bits                                                 ; Off                ; Off                ;
; Optimization Technique -- Cyclone II/Cyclone III                               ; Balanced           ; Balanced           ;
; Carry Chain Length -- Stratix/Stratix GX/Cyclone/MAX II/Cyclone II/Cyclone III ; 70                 ; 70                 ;
; Auto Carry Chains                                                              ; On                 ; On                 ;
; Auto Open-Drain Pins                                                           ; On                 ; On                 ;
; Perform WYSIWYG Primitive Resynthesis                                          ; Off                ; Off                ;
; Perform gate-level register retiming                                           ; Off                ; Off                ;
; Allow register retiming to trade off Tsu/Tco with Fmax                         ; On                 ; On                 ;
; Auto ROM Replacement                                                           ; On                 ; On                 ;
; Auto RAM Replacement                                                           ; On                 ; On                 ;
; Auto Shift Register Replacement                                                ; Auto               ; Auto               ;
; Auto Clock Enable Replacement                                                  ; On                 ; On                 ;
; Allow Synchronous Control Signals                                              ; On                 ; On                 ;
; Force Use of Synchronous Clear Signals                                         ; Off                ; Off                ;
; Auto RAM to Logic Cell Conversion                                              ; Off                ; Off                ;
; Auto Resource Sharing                                                          ; Off                ; Off                ;
; Allow Any RAM Size For Recognition                                             ; Off                ; Off                ;
; Allow Any ROM Size For Recognition                                             ; Off                ; Off                ;
; Allow Any Shift Register Size For Recognition                                  ; Off                ; Off                ;
; Ignore translate_off and synthesis_off directives                              ; Off                ; Off                ;
; Show Parameter Settings Tables in Synthesis Report                             ; On                 ; On                 ;
; Ignore Maximum Fan-Out Assignments                                             ; Off                ; Off                ;
; Retiming Meta-Stability Register Sequence Length                               ; 2                  ; 2                  ;
; PowerPlay Power Optimization                                                   ; Normal compilation ; Normal compilation ;
; HDL message level                                                              ; Level2             ; Level2             ;
; Suppress Register Optimization Related Messages                                ; Off                ; Off                ;
; Number of Removed Registers Reported in Synthesis Report                       ; 5000               ; 5000               ;
; Clock MUX Protection                                                           ; On                 ; On                 ;
; Block Design Naming                                                            ; Auto               ; Auto               ;
+--------------------------------------------------------------------------------+--------------------+--------------------+


+-------------------------------------------------------------------------------------------------------------------------------------------+
; Analysis & Synthesis Source Files Read                                                                                                    ;
+----------------------------------+-----------------+-----------------+--------------------------------------------------------------------+
; File Name with User-Entered Path ; Used in Netlist ; File Type       ; File Name with Absolute Path                                       ;
+----------------------------------+-----------------+-----------------+--------------------------------------------------------------------+
; 4823_asgn_p5.vhd                 ; yes             ; User VHDL File  ; /home/user6/fall14/yz2727/4823_asgn/ALD/asgn_2_p5/4823_asgn_p5.vhd ;
; DNA_lm1.vhd                      ; yes             ; User VHDL File  ; /home/user6/fall14/yz2727/4823_asgn/ALD/asgn_2_p5/DNA_lm1.vhd      ;
; DNA_lm2.vhd                      ; yes             ; User VHDL File  ; /home/user6/fall14/yz2727/4823_asgn/ALD/asgn_2_p5/DNA_lm2.vhd      ;
; DNA_rm.vhd                       ; yes             ; User VHDL File  ; /home/user6/fall14/yz2727/4823_asgn/ALD/asgn_2_p5/DNA_rm.vhd       ;
; dna_detector.vhd                 ; yes             ; User VHDL File  ; /home/user6/fall14/yz2727/4823_asgn/ALD/asgn_2_p5/dna_detector.vhd ;
+----------------------------------+-----------------+-----------------+--------------------------------------------------------------------+


+-----------------------------------------------------+
; Analysis & Synthesis Resource Usage Summary         ;
+---------------------------------------------+-------+
; Resource                                    ; Usage ;
+---------------------------------------------+-------+
; Estimated Total logic elements              ; 275   ;
;                                             ;       ;
; Total combinational functions               ; 275   ;
; Logic element usage by number of LUT inputs ;       ;
;     -- 4 input functions                    ; 186   ;
;     -- 3 input functions                    ; 35    ;
;     -- <=2 input functions                  ; 54    ;
;                                             ;       ;
; Logic elements by mode                      ;       ;
;     -- normal mode                          ; 275   ;
;     -- arithmetic mode                      ; 0     ;
;                                             ;       ;
; Total registers                             ; 0     ;
;     -- Dedicated logic registers            ; 0     ;
;     -- I/O registers                        ; 0     ;
;                                             ;       ;
; I/O pins                                    ; 60    ;
; Maximum fan-out node                        ; b[12] ;
; Maximum fan-out                             ; 12    ;
; Total fan-out                               ; 971   ;
; Average fan-out                             ; 2.90  ;
+---------------------------------------------+-------+


+-------------------------------------------------------------------------------------------------------------------------------------------------------------------------------------------+
; Analysis & Synthesis Resource Utilization by Entity                                                                                                                                       ;
+----------------------------+-------------------+--------------+-------------+--------------+---------+-----------+------+--------------+-----------------------------------+--------------+
; Compilation Hierarchy Node ; LC Combinationals ; LC Registers ; Memory Bits ; DSP Elements ; DSP 9x9 ; DSP 18x18 ; Pins ; Virtual Pins ; Full Hierarchy Name               ; Library Name ;
+----------------------------+-------------------+--------------+-------------+--------------+---------+-----------+------+--------------+-----------------------------------+--------------+
; |dna_detector              ; 275 (0)           ; 0 (0)        ; 0           ; 0            ; 0       ; 0         ; 60   ; 0            ; |dna_detector                     ; work         ;
;    |dna_cell:stage10|      ; 19 (19)           ; 0 (0)        ; 0           ; 0            ; 0       ; 0         ; 0    ; 0            ; |dna_detector|dna_cell:stage10    ; work         ;
;    |dna_cell:stage11|      ; 22 (22)           ; 0 (0)        ; 0           ; 0            ; 0       ; 0         ; 0    ; 0            ; |dna_detector|dna_cell:stage11    ; work         ;
;    |dna_cell:stage12|      ; 18 (18)           ; 0 (0)        ; 0           ; 0            ; 0       ; 0         ; 0    ; 0            ; |dna_detector|dna_cell:stage12    ; work         ;
;    |dna_cell:stage13|      ; 21 (21)           ; 0 (0)        ; 0           ; 0            ; 0       ; 0         ; 0    ; 0            ; |dna_detector|dna_cell:stage13    ; work         ;
;    |dna_cell:stage14|      ; 19 (19)           ; 0 (0)        ; 0           ; 0            ; 0       ; 0         ; 0    ; 0            ; |dna_detector|dna_cell:stage14    ; work         ;
;    |dna_cell:stage15|      ; 20 (20)           ; 0 (0)        ; 0           ; 0            ; 0       ; 0         ; 0    ; 0            ; |dna_detector|dna_cell:stage15    ; work         ;
;    |dna_cell:stage16|      ; 22 (22)           ; 0 (0)        ; 0           ; 0            ; 0       ; 0         ; 0    ; 0            ; |dna_detector|dna_cell:stage16    ; work         ;
;    |dna_cell:stage17|      ; 19 (19)           ; 0 (0)        ; 0           ; 0            ; 0       ; 0         ; 0    ; 0            ; |dna_detector|dna_cell:stage17    ; work         ;
;    |dna_cell:stage18|      ; 2 (2)             ; 0 (0)        ; 0           ; 0            ; 0       ; 0         ; 0    ; 0            ; |dna_detector|dna_cell:stage18    ; work         ;
;    |dna_cell:stage2|       ; 1 (1)             ; 0 (0)        ; 0           ; 0            ; 0       ; 0         ; 0    ; 0            ; |dna_detector|dna_cell:stage2     ; work         ;
;    |dna_cell:stage3|       ; 1 (1)             ; 0 (0)        ; 0           ; 0            ; 0       ; 0         ; 0    ; 0            ; |dna_detector|dna_cell:stage3     ; work         ;
;    |dna_cell:stage4|       ; 13 (13)           ; 0 (0)        ; 0           ; 0            ; 0       ; 0         ; 0    ; 0            ; |dna_detector|dna_cell:stage4     ; work         ;
;    |dna_cell:stage5|       ; 16 (16)           ; 0 (0)        ; 0           ; 0            ; 0       ; 0         ; 0    ; 0            ; |dna_detector|dna_cell:stage5     ; work         ;
;    |dna_cell:stage6|       ; 19 (19)           ; 0 (0)        ; 0           ; 0            ; 0       ; 0         ; 0    ; 0            ; |dna_detector|dna_cell:stage6     ; work         ;
;    |dna_cell:stage7|       ; 21 (21)           ; 0 (0)        ; 0           ; 0            ; 0       ; 0         ; 0    ; 0            ; |dna_detector|dna_cell:stage7     ; work         ;
;    |dna_cell:stage8|       ; 19 (19)           ; 0 (0)        ; 0           ; 0            ; 0       ; 0         ; 0    ; 0            ; |dna_detector|dna_cell:stage8     ; work         ;
;    |dna_cell:stage9|       ; 21 (21)           ; 0 (0)        ; 0           ; 0            ; 0       ; 0         ; 0    ; 0            ; |dna_detector|dna_cell:stage9     ; work         ;
;    |dna_rm_cell:stage19|   ; 2 (2)             ; 0 (0)        ; 0           ; 0            ; 0       ; 0         ; 0    ; 0            ; |dna_detector|dna_rm_cell:stage19 ; work         ;
+----------------------------+-------------------+--------------+-------------+--------------+---------+-----------+------+--------------+-----------------------------------+--------------+
Note: For table entries with two numbers listed, the numbers in parentheses indicate the number of resources of the given type used by the specific entity alone. The numbers listed outside of parentheses indicate the total resources of the given type used by the specific entity and all of its sub-entities in the hierarchy.


+------------------------------------------------------+
; General Register Statistics                          ;
+----------------------------------------------+-------+
; Statistic                                    ; Value ;
+----------------------------------------------+-------+
; Total registers                              ; 0     ;
; Number of registers using Synchronous Clear  ; 0     ;
; Number of registers using Synchronous Load   ; 0     ;
; Number of registers using Asynchronous Clear ; 0     ;
; Number of registers using Asynchronous Load  ; 0     ;
; Number of registers using Clock Enable       ; 0     ;
; Number of registers using Preset             ; 0     ;
+----------------------------------------------+-------+


+-------------------------------+
; Analysis & Synthesis Messages ;
+-------------------------------+
Info: *******************************************************************
Info: Running Quartus II Analysis & Synthesis
    Info: Version 7.2 Build 151 09/26/2007 SJ Full Version
    Info: Processing started: Mon Oct 12 14:46:26 2015
Info: Command: quartus_map --read_settings_files=on --write_settings_files=off 4823_asgn_p5 -c 4823_asgn_p5
Info: Found 2 design units, including 1 entities, in source file 4823_asgn_p5.vhd
    Info: Found design unit 1: dna_cell-dataflow
    Info: Found entity 1: dna_cell
Info: Found 2 design units, including 1 entities, in source file DNA_lm1.vhd
    Info: Found design unit 1: dna_lm1_cell-dataflow
    Info: Found entity 1: dna_lm1_cell
Info: Found 2 design units, including 1 entities, in source file DNA_lm2.vhd
    Info: Found design unit 1: dna_lm2_cell-dataflow
    Info: Found entity 1: dna_lm2_cell
Info: Found 2 design units, including 1 entities, in source file DNA_rm.vhd
    Info: Found design unit 1: dna_rm_cell-dataflow
    Info: Found entity 1: dna_rm_cell
Info: Found 2 design units, including 1 entities, in source file dna_detector.vhd
    Info: Found design unit 1: dna_detector-behavior
    Info: Found entity 1: dna_detector
Info: Elaborating entity "dna_detector" for the top level hierarchy
Info: Elaborating entity "dna_lm1_cell" for hierarchy "dna_lm1_cell:stage0"
Info: Elaborating entity "dna_lm2_cell" for hierarchy "dna_lm2_cell:stage1"
Info: Elaborating entity "dna_cell" for hierarchy "dna_cell:stage2"
Info: Elaborating entity "dna_rm_cell" for hierarchy "dna_rm_cell:stage19"
Warning: Output pins are stuck at VCC or GND
    Warning (13410): Pin "z[5]" stuck at GND
    Warning (13410): Pin "z[4]" stuck at GND
    Warning (13410): Pin "z[3]" stuck at GND
    Warning (13410): Pin "z[2]" stuck at GND
    Warning (13410): Pin "z[1]" stuck at GND
    Warning (13410): Pin "z[0]" stuck at GND
Warning: Design contains 4 input pin(s) that do not drive logic
    Warning (15610): No output dependent on input pin "a[19]"
    Warning (15610): No output dependent on input pin "a[1]"
    Warning (15610): No output dependent on input pin "a[0]"
    Warning (15610): No output dependent on input pin "a[18]"
Info: Implemented 335 device resources after synthesis - the final resource count might be different
    Info: Implemented 40 input pins
    Info: Implemented 20 output pins
    Info: Implemented 275 logic cells
Info: Quartus II Analysis & Synthesis was successful. 0 errors, 12 warnings
    Info: Processing ended: Mon Oct 12 14:46:32 2015
    Info: Elapsed time: 00:00:06


